[
    {
        "Id": "sha256:b31e5bcf3086c59af994235e50bbe0320ef1c53f7220fdddc37c677290c19280",
        "RepoTags": [
            "serega2780/ubuntu-tmp-file:latest"
        ],
        "RepoDigests": [],
        "Parent": "sha256:a51debf7e1eb2018400cef1e4b01f2e9f591f6c739de7b5d6c142f954f3715a7",
        "Comment": "",
        "Created": "2018-11-21T18:04:46.788425593Z",
        "Container": "ca2ed491dfd930819bb2fc0d1da1bbd01f80366708a18255d9332b8f72259637",
        "ContainerConfig": {
            "Hostname": "ca2ed491dfd9",
            "Domainname": "",
            "User": "",
            "AttachStdin": true,
            "AttachStdout": true,
            "AttachStderr": true,
            "Tty": true,
            "OpenStdin": true,
            "StdinOnce": true,
            "Env": [
                "PATH=/usr/local/sbin:/usr/local/bin:/usr/sbin:/usr/bin:/sbin:/bin"
            ],
            "Cmd": [
                "/bin/bash"
            ],
            "Image": "ubuntu:16.04",
            "Volumes": null,
            "WorkingDir": "",
            "Entrypoint": null,
            "OnBuild": null,
            "Labels": {}
        },
        "DockerVersion": "18.09.0",
        "Author": "",
        "Config": {
            "Hostname": "ca2ed491dfd9",
            "Domainname": "",
            "User": "",
            "AttachStdin": true,
            "AttachStdout": true,
            "AttachStderr": true,
            "Tty": true,
            "OpenStdin": true,
            "StdinOnce": true,
            "Env": [
                "PATH=/usr/local/sbin:/usr/local/bin:/usr/sbin:/usr/bin:/sbin:/bin"
            ],
            "Cmd": [
                "/bin/bash"
            ],
            "Image": "ubuntu:16.04",
            "Volumes": null,
            "WorkingDir": "",
            "Entrypoint": null,
            "OnBuild": null,
            "Labels": {}
        },
        "Architecture": "amd64",
        "Os": "linux",
        "Size": 116379639,
        "VirtualSize": 116379639,
        "GraphDriver": {
            "Data": {
                "LowerDir": "/var/lib/docker/overlay2/1d666ed9346cd684dd74017bfc8194e1adfb99a551d90ccfea89623d3d24ffcf/diff:/var/lib/docker/overlay2/26f2ae754df7c9f659d7f4524867e3fdeeb75ebbd61a0d3738f867ec4248f16a/diff:/var/lib/docker/overlay2/bfedf8dcdaeb1e0d330feecf552e519579aba0ef2acba3cf30958cc64c272877/diff:/var/lib/docker/overlay2/3a773098cd60ba18817d005f73ae3461751d7b27b49410dbfd08f79030d93c06/diff",
                "MergedDir": "/var/lib/docker/overlay2/928fc95420104a2f957329eda6e7faf13eb881925cbf19c123330474c7eac694/merged",
                "UpperDir": "/var/lib/docker/overlay2/928fc95420104a2f957329eda6e7faf13eb881925cbf19c123330474c7eac694/diff",
                "WorkDir": "/var/lib/docker/overlay2/928fc95420104a2f957329eda6e7faf13eb881925cbf19c123330474c7eac694/work"
            },
            "Name": "overlay2"
        },
        "RootFS": {
            "Type": "layers",
            "Layers": [
                "sha256:41c002c8a6fd36397892dc6dc36813aaa1be3298be4de93e4fe1f40b9c358d99",
                "sha256:647265b9d8bc572a858ab25a300c07c0567c9124390fd91935430bf947ee5c2a",
                "sha256:819a824caf709f224c414a56a2fa0240ea15797ee180e73abe4ad63d3806cae5",
                "sha256:3db5746c911ad8c3398a6b72aa30580b25b6edb130a148beed4d405d9c345a29",
                "sha256:0b52ce458d4c0fc7ae69af7140c9eb9a8306bc357dbc9b1d2e3948ce547669eb"
            ]
        },
        "Metadata": {
            "LastTagTime": "2018-11-21T10:04:46.82084855-08:00"
        }
    }
]
