[
    {
        "Id": "ca2ed491dfd930819bb2fc0d1da1bbd01f80366708a18255d9332b8f72259637",
        "Created": "2018-11-21T17:48:33.728373716Z",
        "Path": "/bin/bash",
        "Args": [],
        "State": {
            "Status": "running",
            "Running": true,
            "Paused": false,
            "Restarting": false,
            "OOMKilled": false,
            "Dead": false,
            "Pid": 42775,
            "ExitCode": 0,
            "Error": "",
            "StartedAt": "2018-11-21T18:00:13.887954778Z",
            "FinishedAt": "2018-11-21T17:51:18.242884219Z"
        },
        "Image": "sha256:a51debf7e1eb2018400cef1e4b01f2e9f591f6c739de7b5d6c142f954f3715a7",
        "ResolvConfPath": "/var/lib/docker/containers/ca2ed491dfd930819bb2fc0d1da1bbd01f80366708a18255d9332b8f72259637/resolv.conf",
        "HostnamePath": "/var/lib/docker/containers/ca2ed491dfd930819bb2fc0d1da1bbd01f80366708a18255d9332b8f72259637/hostname",
        "HostsPath": "/var/lib/docker/containers/ca2ed491dfd930819bb2fc0d1da1bbd01f80366708a18255d9332b8f72259637/hosts",
        "LogPath": "/var/lib/docker/containers/ca2ed491dfd930819bb2fc0d1da1bbd01f80366708a18255d9332b8f72259637/ca2ed491dfd930819bb2fc0d1da1bbd01f80366708a18255d9332b8f72259637-json.log",
        "Name": "/awesome_wing",
        "RestartCount": 0,
        "Driver": "overlay2",
        "Platform": "linux",
        "MountLabel": "",
        "ProcessLabel": "",
        "AppArmorProfile": "docker-default",
        "ExecIDs": [
            "f6b1cc76daac54c4f9ac4344e79f0b6ab1ac6d77546a688d91dc8108f239281b"
        ],
        "HostConfig": {
            "Binds": null,
            "ContainerIDFile": "",
            "LogConfig": {
                "Type": "json-file",
                "Config": {}
            },
            "NetworkMode": "default",
            "PortBindings": {},
            "RestartPolicy": {
                "Name": "no",
                "MaximumRetryCount": 0
            },
            "AutoRemove": false,
            "VolumeDriver": "",
            "VolumesFrom": null,
            "CapAdd": null,
            "CapDrop": null,
            "Dns": [],
            "DnsOptions": [],
            "DnsSearch": [],
            "ExtraHosts": null,
            "GroupAdd": null,
            "IpcMode": "shareable",
            "Cgroup": "",
            "Links": null,
            "OomScoreAdj": 0,
            "PidMode": "",
            "Privileged": false,
            "PublishAllPorts": false,
            "ReadonlyRootfs": false,
            "SecurityOpt": null,
            "UTSMode": "",
            "UsernsMode": "",
            "ShmSize": 67108864,
            "Runtime": "runc",
            "ConsoleSize": [
                0,
                0
            ],
            "Isolation": "",
            "CpuShares": 0,
            "Memory": 0,
            "NanoCpus": 0,
            "CgroupParent": "",
            "BlkioWeight": 0,
            "BlkioWeightDevice": [],
            "BlkioDeviceReadBps": null,
            "BlkioDeviceWriteBps": null,
            "BlkioDeviceReadIOps": null,
            "BlkioDeviceWriteIOps": null,
            "CpuPeriod": 0,
            "CpuQuota": 0,
            "CpuRealtimePeriod": 0,
            "CpuRealtimeRuntime": 0,
            "CpusetCpus": "",
            "CpusetMems": "",
            "Devices": [],
            "DeviceCgroupRules": null,
            "DiskQuota": 0,
            "KernelMemory": 0,
            "MemoryReservation": 0,
            "MemorySwap": 0,
            "MemorySwappiness": null,
            "OomKillDisable": false,
            "PidsLimit": 0,
            "Ulimits": null,
            "CpuCount": 0,
            "CpuPercent": 0,
            "IOMaximumIOps": 0,
            "IOMaximumBandwidth": 0,
            "MaskedPaths": [
                "/proc/acpi",
                "/proc/kcore",
                "/proc/keys",
                "/proc/latency_stats",
                "/proc/timer_list",
                "/proc/timer_stats",
                "/proc/sched_debug",
                "/proc/scsi",
                "/sys/firmware"
            ],
            "ReadonlyPaths": [
                "/proc/asound",
                "/proc/bus",
                "/proc/fs",
                "/proc/irq",
                "/proc/sys",
                "/proc/sysrq-trigger"
            ]
        },
        "GraphDriver": {
            "Data": {
                "LowerDir": "/var/lib/docker/overlay2/01101a9a7bcb557a63e02765a2edb92f2176ee836481bbcba16a068016d57d37-init/diff:/var/lib/docker/overlay2/1d666ed9346cd684dd74017bfc8194e1adfb99a551d90ccfea89623d3d24ffcf/diff:/var/lib/docker/overlay2/26f2ae754df7c9f659d7f4524867e3fdeeb75ebbd61a0d3738f867ec4248f16a/diff:/var/lib/docker/overlay2/bfedf8dcdaeb1e0d330feecf552e519579aba0ef2acba3cf30958cc64c272877/diff:/var/lib/docker/overlay2/3a773098cd60ba18817d005f73ae3461751d7b27b49410dbfd08f79030d93c06/diff",
                "MergedDir": "/var/lib/docker/overlay2/01101a9a7bcb557a63e02765a2edb92f2176ee836481bbcba16a068016d57d37/merged",
                "UpperDir": "/var/lib/docker/overlay2/01101a9a7bcb557a63e02765a2edb92f2176ee836481bbcba16a068016d57d37/diff",
                "WorkDir": "/var/lib/docker/overlay2/01101a9a7bcb557a63e02765a2edb92f2176ee836481bbcba16a068016d57d37/work"
            },
            "Name": "overlay2"
        },
        "Mounts": [],
        "Config": {
            "Hostname": "ca2ed491dfd9",
            "Domainname": "",
            "User": "",
            "AttachStdin": true,
            "AttachStdout": true,
            "AttachStderr": true,
            "Tty": true,
            "OpenStdin": true,
            "StdinOnce": true,
            "Env": [
                "PATH=/usr/local/sbin:/usr/local/bin:/usr/sbin:/usr/bin:/sbin:/bin"
            ],
            "Cmd": [
                "/bin/bash"
            ],
            "Image": "ubuntu:16.04",
            "Volumes": null,
            "WorkingDir": "",
            "Entrypoint": null,
            "OnBuild": null,
            "Labels": {}
        },
        "NetworkSettings": {
            "Bridge": "",
            "SandboxID": "84258d8e039d79774cd4be2456c49a66b1fdad5e7d94abbc1a3df81ed0fa1e12",
            "HairpinMode": false,
            "LinkLocalIPv6Address": "",
            "LinkLocalIPv6PrefixLen": 0,
            "Ports": {},
            "SandboxKey": "/var/run/docker/netns/84258d8e039d",
            "SecondaryIPAddresses": null,
            "SecondaryIPv6Addresses": null,
            "EndpointID": "6cb0716a0fdb0ae8f9b6c9d310db60912e26aeaa1df72a2f6cad7bf3a3f0cd52",
            "Gateway": "172.17.0.1",
            "GlobalIPv6Address": "",
            "GlobalIPv6PrefixLen": 0,
            "IPAddress": "172.17.0.2",
            "IPPrefixLen": 16,
            "IPv6Gateway": "",
            "MacAddress": "02:42:ac:11:00:02",
            "Networks": {
                "bridge": {
                    "IPAMConfig": null,
                    "Links": null,
                    "Aliases": null,
                    "NetworkID": "c7f9bfed6e6e3fd547d140cd614c20ea7063b1f4974a6217aea1acf8ca99531f",
                    "EndpointID": "6cb0716a0fdb0ae8f9b6c9d310db60912e26aeaa1df72a2f6cad7bf3a3f0cd52",
                    "Gateway": "172.17.0.1",
                    "IPAddress": "172.17.0.2",
                    "IPPrefixLen": 16,
                    "IPv6Gateway": "",
                    "GlobalIPv6Address": "",
                    "GlobalIPv6PrefixLen": 0,
                    "MacAddress": "02:42:ac:11:00:02",
                    "DriverOpts": null
                }
            }
        }
    }
]
